<?xml version="1.0" encoding="UTF-8"?>
<!-- Generated by org.testng.reporters.JUnitReportReporter -->
<testsuite hostname="DESKTOP-9AAASM2" name="FormTestExtractionTests" tests="6" failures="1" timestamp="24 Feb 2017 03:07:26 GMT" time="36.663" errors="0">
  <testcase name="testMaxValueRuleExtractions" time="7.611" classname="FormTestExtractionTests"/>
  <testcase name="testRequirementRuleExtractions" time="6.033" classname="FormTestExtractionTests"/>
  <testcase name="testMinValueRuleExtractions" time="5.942" classname="FormTestExtractionTests"/>
  <testcase name="testNumericRestrictionRuleExtractions" time="6.695" classname="FormTestExtractionTests"/>
  <testcase name="testAlphabeticRestrictionRuleExtractions" time="4.622" classname="FormTestExtractionTests">
    <failure type="org.openqa.selenium.InvalidSelectorException" message="invalid selector: Unable to locate an element with the xpath expression /html//body[contains(@id,&quot;t&quot;) and contains(@i18n-values,&quot;.style.fontFamily:fontfamily;.style.fontSize:fontsize&quot;) and contains(@jstcache,&quot;0&quot;) and contains(@class,&quot;neterror&quot;) and contains(@style,&quot;font-family: &quot;Segoe UI&quot;, Tahoma, sans-serif; font-size: 75%;&quot;)] because of the following error:
SyntaxError: Failed to execute &#039;evaluate&#039; on &#039;Document&#039;: The string &#039;/html//body[contains(@id,&quot;t&quot;) and contains(@i18n-values,&quot;.style.fontFamily:fontfamily;.style.fontSize:fontsize&quot;) and contains(@jstcache,&quot;0&quot;) and contains(@class,&quot;neterror&quot;) and contains(@style,&quot;font-family: &quot;Segoe UI&quot;, Tahoma, sans-serif; font-size: 75%;&quot;)]&#039; is not a valid XPath expression.
  (Session info: chrome=56.0.2924.87)
  (Driver info: chromedriver=2.25.426923 (0390b88869384d6eb0d5d09729679f934aab9eed),platform=Windows NT 10.0.14393 x86_64) (WARNING: The server did not provide any stacktrace information)
Command duration or timeout: 32 milliseconds
For documentation on this error, please visit: http://seleniumhq.org/exceptions/invalid_selector_exception.html
Build info: version: &#039;3.0.1&#039;, revision: &#039;1969d75&#039;, time: &#039;2016-10-18 09:49:13 -0700&#039;
System info: host: &#039;DESKTOP-9AAASM2&#039;, ip: &#039;192.168.99.1&#039;, os.name: &#039;Windows 10&#039;, os.arch: &#039;amd64&#039;, os.version: &#039;10.0&#039;, java.version: &#039;1.8.0_102&#039;
Driver info: org.openqa.selenium.chrome.ChromeDriver
Capabilities [{applicationCacheEnabled=false, rotatable=false, mobileEmulationEnabled=false, networkConnectionEnabled=false, chrome={chromedriverVersion=2.25.426923 (0390b88869384d6eb0d5d09729679f934aab9eed), userDataDir=C:\Users\brand\AppData\Local\Temp\scoped_dir14308_21974}, takesHeapSnapshot=true, pageLoadStrategy=normal, databaseEnabled=false, handlesAlerts=true, hasTouchScreen=false, version=56.0.2924.87, platform=XP, browserConnectionEnabled=false, nativeEvents=true, acceptSslCerts=true, locationContextEnabled=true, webStorageEnabled=true, browserName=chrome, takesScreenshot=true, javascriptEnabled=true, cssSelectorsEnabled=true}]
Session ID: 731b909e5a7b7be909fdb25292100f52
*** Element info: {Using=xpath, value=/html//body[contains(@id,&quot;t&quot;) and contains(@i18n-values,&quot;.style.fontFamily:fontfamily;.style.fontSize:fontsize&quot;) and contains(@jstcache,&quot;0&quot;) and contains(@class,&quot;neterror&quot;) and contains(@style,&quot;font-family: &quot;Segoe UI&quot;, Tahoma, sans-serif; font-size: 75%;&quot;)]}">
      <![CDATA[org.openqa.selenium.InvalidSelectorException: invalid selector: Unable to locate an element with the xpath expression /html//body[contains(@id,"t") and contains(@i18n-values,".style.fontFamily:fontfamily;.style.fontSize:fontsize") and contains(@jstcache,"0") and contains(@class,"neterror") and contains(@style,"font-family: "Segoe UI", Tahoma, sans-serif; font-size: 75%;")] because of the following error:
SyntaxError: Failed to execute 'evaluate' on 'Document': The string '/html//body[contains(@id,"t") and contains(@i18n-values,".style.fontFamily:fontfamily;.style.fontSize:fontsize") and contains(@jstcache,"0") and contains(@class,"neterror") and contains(@style,"font-family: "Segoe UI", Tahoma, sans-serif; font-size: 75%;")]' is not a valid XPath expression.
  (Session info: chrome=56.0.2924.87)
  (Driver info: chromedriver=2.25.426923 (0390b88869384d6eb0d5d09729679f934aab9eed),platform=Windows NT 10.0.14393 x86_64) (WARNING: The server did not provide any stacktrace information)
Command duration or timeout: 32 milliseconds
For documentation on this error, please visit: http://seleniumhq.org/exceptions/invalid_selector_exception.html
Build info: version: '3.0.1', revision: '1969d75', time: '2016-10-18 09:49:13 -0700'
System info: host: 'DESKTOP-9AAASM2', ip: '192.168.99.1', os.name: 'Windows 10', os.arch: 'amd64', os.version: '10.0', java.version: '1.8.0_102'
Driver info: org.openqa.selenium.chrome.ChromeDriver
Capabilities [{applicationCacheEnabled=false, rotatable=false, mobileEmulationEnabled=false, networkConnectionEnabled=false, chrome={chromedriverVersion=2.25.426923 (0390b88869384d6eb0d5d09729679f934aab9eed), userDataDir=C:\Users\brand\AppData\Local\Temp\scoped_dir14308_21974}, takesHeapSnapshot=true, pageLoadStrategy=normal, databaseEnabled=false, handlesAlerts=true, hasTouchScreen=false, version=56.0.2924.87, platform=XP, browserConnectionEnabled=false, nativeEvents=true, acceptSslCerts=true, locationContextEnabled=true, webStorageEnabled=true, browserName=chrome, takesScreenshot=true, javascriptEnabled=true, cssSelectorsEnabled=true}]
Session ID: 731b909e5a7b7be909fdb25292100f52
*** Element info: {Using=xpath, value=/html//body[contains(@id,"t") and contains(@i18n-values,".style.fontFamily:fontfamily;.style.fontSize:fontsize") and contains(@jstcache,"0") and contains(@class,"neterror") and contains(@style,"font-family: "Segoe UI", Tahoma, sans-serif; font-size: 75%;")]}
	at sun.reflect.NativeConstructorAccessorImpl.newInstance0(Native Method)
	at sun.reflect.NativeConstructorAccessorImpl.newInstance(NativeConstructorAccessorImpl.java:62)
	at sun.reflect.DelegatingConstructorAccessorImpl.newInstance(DelegatingConstructorAccessorImpl.java:45)
	at java.lang.reflect.Constructor.newInstance(Constructor.java:423)
	at org.openqa.selenium.remote.ErrorHandler.createThrowable(ErrorHandler.java:216)
	at org.openqa.selenium.remote.ErrorHandler.throwIfResponseFailed(ErrorHandler.java:168)
	at org.openqa.selenium.remote.RemoteWebDriver.execute(RemoteWebDriver.java:635)
	at org.openqa.selenium.remote.RemoteWebElement.execute(RemoteWebElement.java:274)
	at org.openqa.selenium.remote.RemoteWebElement.findElements(RemoteWebElement.java:193)
	at org.openqa.selenium.remote.RemoteWebElement.findElementsByXPath(RemoteWebElement.java:254)
	at org.openqa.selenium.By$ByXPath.findElements(By.java:356)
	at org.openqa.selenium.remote.RemoteWebElement.findElements(RemoteWebElement.java:169)
	at com.minion.browsing.Browser.uniqifyXpath(Browser.java:731)
	at com.minion.browsing.Browser.generateXpath(Browser.java:787)
	at com.minion.browsing.Browser.getVisibleElements(Browser.java:319)
	at com.minion.browsing.Browser.getPage(Browser.java:107)
	at FormTestExtractionTests.testAlphabeticRestrictionRuleExtractions(FormTestExtractionTests.java:110)
	at sun.reflect.NativeMethodAccessorImpl.invoke0(Native Method)
	at sun.reflect.NativeMethodAccessorImpl.invoke(NativeMethodAccessorImpl.java:62)
	at sun.reflect.DelegatingMethodAccessorImpl.invoke(DelegatingMethodAccessorImpl.java:43)
	at java.lang.reflect.Method.invoke(Method.java:498)
	at org.testng.internal.MethodInvocationHelper.invokeMethod(MethodInvocationHelper.java:84)
	at org.testng.internal.Invoker.invokeMethod(Invoker.java:714)
	at org.testng.internal.Invoker.invokeTestMethod(Invoker.java:901)
	at org.testng.internal.Invoker.invokeTestMethods(Invoker.java:1231)
	at org.testng.internal.TestMethodWorker.invokeTestMethods(TestMethodWorker.java:127)
	at org.testng.internal.TestMethodWorker.run(TestMethodWorker.java:111)
	at org.testng.TestRunner.privateRun(TestRunner.java:767)
	at org.testng.TestRunner.run(TestRunner.java:617)
	at org.testng.SuiteRunner.runTest(SuiteRunner.java:348)
	at org.testng.SuiteRunner.runSequentially(SuiteRunner.java:343)
	at org.testng.SuiteRunner.privateRun(SuiteRunner.java:305)
	at org.testng.SuiteRunner.run(SuiteRunner.java:254)
	at org.testng.SuiteRunnerWorker.runSuite(SuiteRunnerWorker.java:52)
	at org.testng.SuiteRunnerWorker.run(SuiteRunnerWorker.java:86)
	at org.testng.TestNG.runSuitesSequentially(TestNG.java:1224)
	at org.testng.TestNG.runSuitesLocally(TestNG.java:1149)
	at org.testng.TestNG.run(TestNG.java:1057)
	at org.testng.remote.AbstractRemoteTestNG.run(AbstractRemoteTestNG.java:132)
	at org.testng.remote.RemoteTestNG.initAndRun(RemoteTestNG.java:236)
	at org.testng.remote.RemoteTestNG.main(RemoteTestNG.java:81)
]]>
    </failure>
  </testcase> <!-- testAlphabeticRestrictionRuleExtractions -->
  <testcase name="testReadonlyRestrictionRuleExtractions" time="5.760" classname="FormTestExtractionTests"/>
</testsuite> <!-- FormTestExtractionTests -->
